<?xml version="1.0" encoding="UTF-8"?>
<testsuite xmlns:xsi="http://www.w3.org/2001/XMLSchema-instance" xsi:noNamespaceSchemaLocation="https://maven.apache.org/surefire/maven-surefire-plugin/xsd/surefire-test-report.xsd" version="3.0.2" name="com.example.SpyroSoft.SpyroSoftApplicationTests" time="1.998" tests="1" errors="0" skipped="0" failures="0">
  <properties>
[...]
</properties>
  <testcase name="contextLoads" classname="com.example.SpyroSoft.SpyroSoftApplicationTests" time="0.526">
    <system-out><![CDATA[01:45:34.498 [main] INFO org.springframework.test.context.support.AnnotationConfigContextLoaderUtils -- Could not detect default configuration classes for test class [com.example.SpyroSoft.SpyroSoftApplicationTests]: SpyroSoftApplicationTests does not declare any static, non-private, non-final, nested classes annotated with @Configuration.
01:45:34.592 [main] INFO org.springframework.boot.test.context.SpringBootTestContextBootstrapper -- Found @SpringBootConfiguration com.example.SpyroSoft.SpyroSoftApplication for test class com.example.SpyroSoft.SpyroSoftApplicationTests

  .   ____          _            __ _ _
 /\\ / ___'_ __ _ _(_)_ __  __ _ \ \ \ \
( ( )\___ | '_ | '_| | '_ \/ _` | \ \ \ \
 \\/  ___)| |_)| | | | | || (_| |  ) ) ) )
  '  |____| .__|_| |_|_| |_\__, | / / / /
 =========|_|==============|___/=/_/_/_/

 :: Spring Boot ::                (v4.0.0)

2025-12-14T01:45:34.929+01:00  INFO 452 --- [SpyroSoft] [           main] c.e.SpyroSoft.SpyroSoftApplicationTests  : Starting SpyroSoftApplicationTests using Java 22.0.1 with PID 452 (started by barto in C:\Users\barto\Desktop\SpyroSoft\SpyroSoft)
2025-12-14T01:45:34.929+01:00  INFO 452 --- [SpyroSoft] [           main] c.e.SpyroSoft.SpyroSoftApplicationTests  : No active profile set, falling back to 1 default profile: "default"
2025-12-14T01:45:35.799+01:00  INFO 452 --- [SpyroSoft] [           main] c.e.SpyroSoft.SpyroSoftApplicationTests  : Started SpyroSoftApplicationTests in 1.108 seconds (process running for 2.313)
]]></system-out>
    <system-err><![CDATA[Mockito is currently self-attaching to enable the inline-mock-maker. This will no longer work in future releases of the JDK. Please add Mockito as an agent to your build as described in Mockito's documentation: https://javadoc.io/doc/org.mockito/mockito-core/latest/org.mockito/org/mockito/Mockito.html#0.3
WARNING: A Java agent has been loaded dynamically (C:\Users\barto\.m2\repository\net\bytebuddy\byte-buddy-agent\1.17.8\byte-buddy-agent-1.17.8.jar)
WARNING: If a serviceability tool is in use, please run with -XX:+EnableDynamicAgentLoading to hide this warning
WARNING: If a serviceability tool is not in use, please run with -Djdk.instrument.traceUsage for more information
WARNING: Dynamic loading of agents will be disallowed by default in a future release
]]></system-err>
  </testcase>
</testsuite>